[ 2024-10-27 00:43:04,535 ] 1038 httpx - INFO - HTTP Request: GET https://dagshub.com/api/v1/user "HTTP/1.1 200 OK"
[ 2024-10-27 00:43:04,555 ] 107 dagshub - INFO - Accessing as vg498660
[ 2024-10-27 00:43:05,300 ] 1038 httpx - INFO - HTTP Request: GET https://dagshub.com/api/v1/repos/vg498660/network_security "HTTP/1.1 200 OK"
[ 2024-10-27 00:43:05,315 ] 107 dagshub - INFO - Initialized MLflow to track repo "vg498660/network_security"
[ 2024-10-27 00:43:05,315 ] 107 dagshub - INFO - Repository vg498660/network_security initialized!
[ 2024-10-27 00:43:05,315 ] 18 root - INFO - Initiate the data ingestion
[ 2024-10-27 00:43:08,883 ] 65 root - INFO - Performed train test split on the dataframe
[ 2024-10-27 00:43:08,883 ] 67 root - INFO - Exited split_data_as_train_test method of Data_Ingestion class
[ 2024-10-27 00:43:08,883 ] 75 root - INFO - Exporting train and test file path.
[ 2024-10-27 00:43:08,952 ] 84 root - INFO - Exported train and test file path.
[ 2024-10-27 00:43:08,952 ] 20 root - INFO - Data Initiation Completed
[ 2024-10-27 00:43:08,956 ] 24 root - INFO - Initiate the data Validation
[ 2024-10-27 00:43:09,029 ] 32 root - INFO - Required number of columns:2
[ 2024-10-27 00:43:09,029 ] 33 root - INFO - Data frame has columns:31
[ 2024-10-27 00:43:09,029 ] 32 root - INFO - Required number of columns:2
[ 2024-10-27 00:43:09,029 ] 33 root - INFO - Data frame has columns:31
[ 2024-10-27 00:43:09,187 ] 26 root - INFO - data Validation Completed
[ 2024-10-27 00:43:09,187 ] 29 root - INFO - data Transformation started
[ 2024-10-27 00:43:09,187 ] 63 root - INFO - Entered initiate_data_transformation method of DataTransformation class
[ 2024-10-27 00:43:09,187 ] 65 root - INFO - Starting data transformation
[ 2024-10-27 00:43:09,217 ] 48 root - INFO - Entered get_data_trnasformer_object method of Trnasformation class
[ 2024-10-27 00:43:09,217 ] 53 root - INFO - Initialise KNNImputer with {'missing_values': nan, 'n_neighbors': 3, 'weights': 'uniform'}
[ 2024-10-27 00:43:09,235 ] 46 root - INFO - Entered the save_object method of MainUtils class
[ 2024-10-27 00:43:09,235 ] 50 root - INFO - Exited the save_object method of MainUtils class
[ 2024-10-27 00:43:09,235 ] 46 root - INFO - Entered the save_object method of MainUtils class
[ 2024-10-27 00:43:09,245 ] 50 root - INFO - Exited the save_object method of MainUtils class
[ 2024-10-27 00:43:09,246 ] 33 root - INFO - data Transformation completed
[ 2024-10-27 00:43:09,246 ] 35 root - INFO - Model Training sstared
