[ 2024-10-26 20:32:50,070 ] 1038 httpx - INFO - HTTP Request: GET https://dagshub.com/api/v1/user "HTTP/1.1 200 OK"
[ 2024-10-26 20:32:50,070 ] 107 dagshub - INFO - Accessing as vg498660
[ 2024-10-26 20:32:50,829 ] 1038 httpx - INFO - HTTP Request: GET https://dagshub.com/api/v1/repos/vg498660/network_security "HTTP/1.1 200 OK"
[ 2024-10-26 20:32:50,844 ] 107 dagshub - INFO - Initialized MLflow to track repo "vg498660/network_security"
[ 2024-10-26 20:32:50,848 ] 107 dagshub - INFO - Repository vg498660/network_security initialized!
[ 2024-10-26 20:32:50,848 ] 18 root - INFO - Initiate the data ingestion
[ 2024-10-26 20:32:53,557 ] 65 root - INFO - Performed train test split on the dataframe
[ 2024-10-26 20:32:53,557 ] 67 root - INFO - Exited split_data_as_train_test method of Data_Ingestion class
[ 2024-10-26 20:32:53,557 ] 75 root - INFO - Exporting train and test file path.
[ 2024-10-26 20:32:53,663 ] 84 root - INFO - Exported train and test file path.
[ 2024-10-26 20:32:53,663 ] 20 root - INFO - Data Initiation Completed
[ 2024-10-26 20:32:53,680 ] 24 root - INFO - Initiate the data Validation
[ 2024-10-26 20:32:53,768 ] 32 root - INFO - Required number of columns:2
[ 2024-10-26 20:32:53,768 ] 33 root - INFO - Data frame has columns:31
[ 2024-10-26 20:32:53,768 ] 32 root - INFO - Required number of columns:2
[ 2024-10-26 20:32:53,768 ] 33 root - INFO - Data frame has columns:31
[ 2024-10-26 20:32:53,974 ] 26 root - INFO - data Validation Completed
[ 2024-10-26 20:32:53,974 ] 29 root - INFO - data Transformation started
[ 2024-10-26 20:32:53,974 ] 63 root - INFO - Entered initiate_data_transformation method of DataTransformation class
[ 2024-10-26 20:32:53,974 ] 65 root - INFO - Starting data transformation
[ 2024-10-26 20:32:54,008 ] 48 root - INFO - Entered get_data_trnasformer_object method of Trnasformation class
[ 2024-10-26 20:32:54,008 ] 53 root - INFO - Initialise KNNImputer with {'missing_values': nan, 'n_neighbors': 3, 'weights': 'uniform'}
[ 2024-10-26 20:32:54,024 ] 46 root - INFO - Entered the save_object method of MainUtils class
[ 2024-10-26 20:32:54,029 ] 50 root - INFO - Exited the save_object method of MainUtils class
[ 2024-10-26 20:32:54,029 ] 46 root - INFO - Entered the save_object method of MainUtils class
[ 2024-10-26 20:32:54,032 ] 50 root - INFO - Exited the save_object method of MainUtils class
[ 2024-10-26 20:32:54,034 ] 33 root - INFO - data Transformation completed
[ 2024-10-26 20:32:54,034 ] 35 root - INFO - Model Training sstared
