[ 2024-10-27 00:47:40,144 ] 1038 httpx - INFO - HTTP Request: GET https://dagshub.com/api/v1/user "HTTP/1.1 200 OK"
[ 2024-10-27 00:47:40,160 ] 107 dagshub - INFO - Accessing as vg498660
[ 2024-10-27 00:47:41,067 ] 1038 httpx - INFO - HTTP Request: GET https://dagshub.com/api/v1/repos/vg498660/network_security "HTTP/1.1 200 OK"
[ 2024-10-27 00:47:41,071 ] 107 dagshub - INFO - Initialized MLflow to track repo "vg498660/network_security"
[ 2024-10-27 00:47:41,072 ] 107 dagshub - INFO - Repository vg498660/network_security initialized!
[ 2024-10-27 00:47:41,072 ] 18 root - INFO - Initiate the data ingestion
[ 2024-10-27 00:47:44,691 ] 65 root - INFO - Performed train test split on the dataframe
[ 2024-10-27 00:47:44,691 ] 67 root - INFO - Exited split_data_as_train_test method of Data_Ingestion class
[ 2024-10-27 00:47:44,691 ] 75 root - INFO - Exporting train and test file path.
[ 2024-10-27 00:47:44,781 ] 84 root - INFO - Exported train and test file path.
[ 2024-10-27 00:47:44,784 ] 20 root - INFO - Data Initiation Completed
[ 2024-10-27 00:47:44,787 ] 24 root - INFO - Initiate the data Validation
[ 2024-10-27 00:47:44,885 ] 32 root - INFO - Required number of columns:2
[ 2024-10-27 00:47:44,885 ] 33 root - INFO - Data frame has columns:31
[ 2024-10-27 00:47:44,885 ] 32 root - INFO - Required number of columns:2
[ 2024-10-27 00:47:44,885 ] 33 root - INFO - Data frame has columns:31
[ 2024-10-27 00:47:45,121 ] 26 root - INFO - data Validation Completed
[ 2024-10-27 00:47:45,122 ] 29 root - INFO - data Transformation started
[ 2024-10-27 00:47:45,122 ] 63 root - INFO - Entered initiate_data_transformation method of DataTransformation class
[ 2024-10-27 00:47:45,122 ] 65 root - INFO - Starting data transformation
[ 2024-10-27 00:47:45,153 ] 48 root - INFO - Entered get_data_trnasformer_object method of Trnasformation class
[ 2024-10-27 00:47:45,153 ] 53 root - INFO - Initialise KNNImputer with {'missing_values': nan, 'n_neighbors': 3, 'weights': 'uniform'}
[ 2024-10-27 00:47:45,185 ] 46 root - INFO - Entered the save_object method of MainUtils class
[ 2024-10-27 00:47:45,188 ] 50 root - INFO - Exited the save_object method of MainUtils class
[ 2024-10-27 00:47:45,188 ] 46 root - INFO - Entered the save_object method of MainUtils class
[ 2024-10-27 00:47:45,188 ] 50 root - INFO - Exited the save_object method of MainUtils class
[ 2024-10-27 00:47:45,200 ] 33 root - INFO - data Transformation completed
[ 2024-10-27 00:47:45,200 ] 35 root - INFO - Model Training sstared
[ 2024-10-27 00:52:34,987 ] 46 root - INFO - Entered the save_object method of MainUtils class
[ 2024-10-27 00:52:35,001 ] 50 root - INFO - Exited the save_object method of MainUtils class
[ 2024-10-27 00:52:35,001 ] 46 root - INFO - Entered the save_object method of MainUtils class
[ 2024-10-27 00:52:35,067 ] 50 root - INFO - Exited the save_object method of MainUtils class
[ 2024-10-27 00:52:35,068 ] 152 root - INFO - Model trainer artifact: ModelTrainerArtifact(trained_model_file_path='Artifacts\\10_27_2024_00_47_35\\model_trainer\\trained_model\\model.pkl', train_metric_artifact=ClassificationMetricArtifact(f1_score=np.float64(0.9911015648972077), precision_score=np.float64(0.9887755102040816), recall_score=np.float64(0.9934385892966988)), test_metric_artifact=ClassificationMetricArtifact(f1_score=np.float64(0.9746588693957114), precision_score=np.float64(0.9727626459143969), recall_score=np.float64(0.9765625)))
[ 2024-10-27 00:52:35,071 ] 40 root - INFO - Model Training artifact created
